<?xml version="1.0" encoding="UTF-8"?>
<testsuites name="FLC - ALL - Notify Me" time="52.92" tests="1" failures="0" errors="0">
   <testsuite name="FLC - ALL - Notify Me" tests="1" failures="0" errors="0" time="52.92" skipped="0" timestamp="2022-06-15 09:32:48" hostname="nhu.tqnguyen - localhost" id="Test Suites/FLC - ALL - Notify Me">
      <properties>
         <property name="deviceName" value=""/>
         <property name="devicePlatform" value=""/>
         <property name="logFolder" value="/Users/nhu.tqnguyen/Documents/KatalonGitRepository-master/Reports/20220615_093246/FLC - ALL - Notify Me/20220615_093246"/>
         <property name="logFiles" value="/Users/nhu.tqnguyen/Documents/KatalonGitRepository-master/Reports/20220615_093246/FLC - ALL - Notify Me/20220615_093246/execution0.log"/>
         <property name="attachments" value=""/>
         <property name="hostName" value="nhu.tqnguyen - localhost"/>
         <property name="remoteDriverUrl" value="testcloud.katalon.com/hub"/>
         <property name="desiredCapabilities" value="{
  &quot;acceptInsecureCerts&quot;: false,
  &quot;browserName&quot;: &quot;chrome&quot;,
  &quot;browserVersion&quot;: &quot;98.0.4758.54&quot;,
  &quot;chrome&quot;: {
    &quot;chromedriverVersion&quot;: &quot;98.0.4758.48 (d869ab3eda60629b9fabbd4e30c0f833466c83fd-refs/branch-heads/4758@{#415})&quot;,
    &quot;userDataDir&quot;: &quot;/tmp/.com.google.Chrome.EwMYbf&quot;
  },
  &quot;goog:chromeOptions&quot;: {
    &quot;debuggerAddress&quot;: &quot;localhost:38613&quot;
  },
  &quot;javascriptEnabled&quot;: true,
  &quot;katalon:option&quot;: {
    &quot;organizationId&quot;: &quot;701936&quot;,
    &quot;unlimitedExecutionMinutes&quot;: true,
    &quot;jwt&quot;: &quot;eyJ0eXAiOiJKV1QiLCJhbGciOiJSUzI1NiJ9.eyJzdWIiOiJuaHUudHFuZ3V5ZW5Aa2F0YWxvbi5jb20iLCJ1cG4iOiI3NjgyMTUiLCJncm91cHMiOlsiVVNFUiJdLCJzdGF0dXMiOiJWRVJJRklFRCIsImdpdmVuX25hbWUiOiJLYXJhIiwiZmFtaWx5X25hbWUiOiJOZ3V5ZW4iLCJlbWFpbCI6Im5odS50cW5ndXllbkBrYXRhbG9uLmNvbSIsImVtYWlsX3ZlcmlmaWVkIjp0cnVlLCJjcmVhdGVkX2F0IjoxNjMxODA4NzUwLCJ1cGRhdGVkX2F0IjoxNjU1MjU2OTU3LCJhbXIiOlsicHdkIl0sImlhdCI6MTY1NTI1NzE0OSwiZXhwIjoxNjU1ODYxOTQ5LCJqdGkiOiIzZjM0ZDE5My0yMGNmLTRkN2EtYTJkOC0yMjVmNDZkYzU2ZDciLCJpc3MiOiJrYXRhbG9uLWF1dGgifQ.ThAAk433LRmldwUghl9x9ri71vRjCyGun4kTfb_Duid9PJnPD4nUqVAaiAFwSiLOWFoMWA42N_bDpV5UrqMo6dFrN6PM2h980B83E2srxEGs1FkGppC9mhuPc9UhOVDurCCdyXuYDVS8_GXjopgLCHC1tj9CbhH6Jz5zLQgEY6qR-C6vwEuHqWou5xhzh_k1s4yuMKJ2RQksmy_xxb2P1jOFlTXKCY94UFCQgvYZzcUfwMPTbvRMFv-lEsGtgb4ps0Tp8Bih6zNVVJo__JJ5rr_5UpWbYuU1ZNq893SHWHFnOm31ZTsRHQg36-K3sPYhaDIxcBRmDI4F29H-HB5bRA&quot;,
    &quot;class&quot;: &quot;com.katalon.testcloud.grid.common.tunnel.domain.UserOptionCapability&quot;,
    &quot;userId&quot;: 768215,
    &quot;usingTunnel&quot;: false,
    &quot;username&quot;: &quot;nhu.tqnguyen@katalon.com&quot;
  },
  &quot;networkConnectionEnabled&quot;: false,
  &quot;os&quot;: &quot;linux&quot;,
  &quot;pageLoadStrategy&quot;: &quot;normal&quot;,
  &quot;platform&quot;: &quot;LINUX&quot;,
  &quot;platformName&quot;: &quot;LINUX&quot;,
  &quot;proxy&quot;: {
    &quot;proxyType&quot;: &quot;DIRECT&quot;,
    &quot;autodetect&quot;: false
  },
  &quot;requestId&quot;: &quot;4b357dc1-99cb-42e8-a75f-2db35d541d38&quot;,
  &quot;se:cdp&quot;: &quot;ws://172.48.136.183:4444/session/ee96a9dba241a2ec1c805fdbc9d7797d/se/cdp&quot;,
  &quot;se:cdpVersion&quot;: &quot;98.0.4758.54&quot;,
  &quot;se:vnc&quot;: &quot;ws://172.48.136.183:4444/session/ee96a9dba241a2ec1c805fdbc9d7797d/se/vnc&quot;,
  &quot;se:vncEnabled&quot;: true,
  &quot;se:vncLocalAddress&quot;: &quot;ws://172.48.136.183:7900&quot;,
  &quot;setWindowRect&quot;: true,
  &quot;strictFileInteractability&quot;: false,
  &quot;timeouts&quot;: {
    &quot;implicit&quot;: 0,
    &quot;pageLoad&quot;: 300000,
    &quot;script&quot;: 30000
  },
  &quot;unhandledPromptBehavior&quot;: &quot;dismiss and notify&quot;,
  &quot;webauthn:extension:credBlob&quot;: true,
  &quot;webauthn:extension:largeBlob&quot;: true,
  &quot;webauthn:virtualAuthenticators&quot;: true
}"/>
         <property name="os" value="Mac OS X 64bit"/>
         <property name="remoteOS" value="Linux"/>
         <property name="katalonVersion" value="8.3.5.208"/>
         <property name="browser" value="Chrome 98.0.4758.54"/>
         <property name="hostAddress" value="127.0.0.1"/>
         <property name="sessionId" value="ee96a9dba241a2ec1c805fdbc9d7797d"/>
         <property name="seleniumVersion" value="3.141.59"/>
         <property name="proxyInformation" value="ProxyInformation { proxyOption=NO_PROXY, proxyServerType=HTTP, username=, password=********, proxyServerAddress=, proxyServerPort=0, executionList=&quot;&quot;, isApplyToDesiredCapabilities=true }"/>
         <property name="platform" value="Mac OS X"/>
      </properties>
      <testcase name="Test Cases/FLC/Notify Me/JP - Notify Me" time="52.669" classname="Test Cases/FLC/Notify Me/JP - Notify Me" status="PASSED">
         <system-out><![CDATA[2022-06-15 09:32:48 - [TEST_CASE][PASSED] - Test Cases/FLC/Notify Me/JP - Notify Me: Test Cases/FLC/Notify Me/JP - Notify Me

2022-06-15 09:32:49 - [TEST_STEP][PASSED] - openBrowser(""): Browser is opened with url: ''

2022-06-15 09:32:49 - [MESSAGE][INFO] - User set preference: ['os', 'linux']

2022-06-15 09:32:49 - [MESSAGE][INFO] - User set preference: ['browserName', 'chrome']

2022-06-15 09:32:49 - [MESSAGE][INFO] - User set preference: ['browserVersion', '98']

2022-06-15 09:32:49 - [MESSAGE][INFO] - User set preference: ['katalon:option', '{organizationId=701936, tunnelId=, usingTunnel=false}']

2022-06-15 09:32:49 - [MESSAGE][INFO] - Connecting to remote web server 'testcloud.katalon.com/hub' with type 'Selenium'

2022-06-15 09:32:49 - [MESSAGE][INFO] - Action delay is set to 0 milliseconds

2022-06-15 09:33:14 - [MESSAGE][PASSED] - Browser is opened with url: ''

2022-06-15 09:33:14 - [TEST_STEP][PASSED] - maximizeWindow(): Current window maximized

2022-06-15 09:33:14 - [MESSAGE][PASSED] - Current window maximized

2022-06-15 09:33:14 - [TEST_STEP][PASSED] - RN = Math.random() * 10000000: null

2022-06-15 09:33:14 - [TEST_STEP][PASSED] - locale = "jp": null

2022-06-15 09:33:14 - [TEST_STEP][PASSED] - brand = "FLC": null

2022-06-15 09:33:14 - [TEST_STEP][PASSED] - email = "testMail" + RN + "@yopmail.com": null

2022-06-15 09:33:14 - [TEST_STEP][PASSED] - navigateToUrl("https://storefront:may2019@test.falconeri.com/jp/product/basic-baumwollhose-UPL0004.html?dwvar_UPL0004_Z_COL_FALCU=8493"): Navigate to 'https://storefront:may2019@test.falconeri.com/jp/product/basic-baumwollhose-UPL0004.html?dwvar_UPL0004_Z_COL_FALCU=8493' successfully

2022-06-15 09:33:20 - [MESSAGE][PASSED] - Navigate to 'https://storefront:may2019@test.falconeri.com/jp/product/basic-baumwollhose-UPL0004.html?dwvar_UPL0004_Z_COL_FALCU=8493' successfully

2022-06-15 09:33:20 - [TEST_STEP][PASSED] - enhancedClick(findTestObject("FLC/AT/Page_Basic-Baumwollhose - Homewear  Falconeri/div_XXXXL")): Object: 'Object Repository/FLC/AT/Page_Basic-Baumwollhose - Homewear  Falconeri/div_XXXXL' is clicked on

2022-06-15 09:33:23 - [MESSAGE][PASSED] - Object: 'Object Repository/FLC/AT/Page_Basic-Baumwollhose - Homewear  Falconeri/div_XXXXL' is clicked on

2022-06-15 09:33:23 - [TEST_STEP][PASSED] - waitForElementVisible(findTestObject("Object Repository/FLC/DE/Page_Jacke Aus Cashmere Ultralight - Cardig_bdd78b/input_DML261G_emailNotify"), 10): Object 'Object Repository/FLC/DE/Page_Jacke Aus Cashmere Ultralight - Cardig_bdd78b/input_DML261G_emailNotify' is visible

2022-06-15 09:33:26 - [MESSAGE][PASSED] - Object 'Object Repository/FLC/DE/Page_Jacke Aus Cashmere Ultralight - Cardig_bdd78b/input_DML261G_emailNotify' is visible

2022-06-15 09:33:26 - [TEST_STEP][PASSED] - setText(findTestObject("Object Repository/FLC/DE/Page_Jacke Aus Cashmere Ultralight - Cardig_bdd78b/input_DML261G_emailNotify"), email): Text 'testMail3175646@yopmail.com' is set on object 'Object Repository/FLC/DE/Page_Jacke Aus Cashmere Ultralight - Cardig_bdd78b/input_DML261G_emailNotify'

2022-06-15 09:33:32 - [MESSAGE][PASSED] - Text 'testMail3175646@yopmail.com' is set on object 'Object Repository/FLC/DE/Page_Jacke Aus Cashmere Ultralight - Cardig_bdd78b/input_DML261G_emailNotify'

2022-06-15 09:33:32 - [TEST_STEP][PASSED] - enhancedClick(findTestObject("FLC/Universal/notifyMeButton")): Object: 'Object Repository/FLC/Universal/notifyMeButton' is clicked on

2022-06-15 09:33:41 - [MESSAGE][PASSED] - Object: 'Object Repository/FLC/Universal/notifyMeButton' is clicked on]]></system-out>
         <system-err><![CDATA[]]></system-err>
      </testcase>
      <system-out><![CDATA[2022-06-15 09:32:48 - [TEST_SUITE][PASSED] - FLC - ALL - Notify Me: Test Cases/FLC/Notify Me/JP - Notify Me]]></system-out>
      <system-err><![CDATA[]]></system-err>
   </testsuite>
</testsuites>
