<?xml version="1.0" encoding="UTF-8"?>
<testsuites name="FLC - ALL - Notify Me" time="194.256" tests="1" failures="0" errors="0">
   <testsuite name="FLC - ALL - Notify Me" tests="1" failures="0" errors="0" time="194.256" skipped="0" timestamp="2022-06-15 09:26:32" hostname="nhu.tqnguyen - localhost" id="Test Suites/FLC - ALL - Notify Me">
      <properties>
         <property name="deviceName" value=""/>
         <property name="devicePlatform" value=""/>
         <property name="logFolder" value="/Users/nhu.tqnguyen/Documents/KatalonGitRepository-master/Reports/20220615_092630/FLC - ALL - Notify Me/20220615_092630"/>
         <property name="logFiles" value="/Users/nhu.tqnguyen/Documents/KatalonGitRepository-master/Reports/20220615_092630/FLC - ALL - Notify Me/20220615_092630/execution0.log"/>
         <property name="attachments" value=""/>
         <property name="hostName" value="nhu.tqnguyen - localhost"/>
         <property name="os" value="Mac OS X 64bit"/>
         <property name="katalonVersion" value="8.3.5.208"/>
         <property name="browser" value="Chrome 102.0.5005.115"/>
         <property name="hostAddress" value="127.0.0.1"/>
         <property name="sessionId" value="324d24ae01ea383bdc83cfe0b80b5565"/>
         <property name="seleniumVersion" value="3.141.59"/>
         <property name="proxyInformation" value="ProxyInformation { proxyOption=NO_PROXY, proxyServerType=HTTP, username=, password=********, proxyServerAddress=, proxyServerPort=0, executionList=&quot;&quot;, isApplyToDesiredCapabilities=true }"/>
         <property name="platform" value="Mac OS X"/>
      </properties>
      <testcase name="Test Cases/FLC/Notify Me/JP - Notify Me" time="193.973" classname="Test Cases/FLC/Notify Me/JP - Notify Me" status="PASSED">
         <system-out><![CDATA[2022-06-15 09:26:32 - [TEST_CASE][PASSED] - Test Cases/FLC/Notify Me/JP - Notify Me: Test Cases/FLC/Notify Me/JP - Notify Me

2022-06-15 09:26:32 - [TEST_STEP][PASSED] - openBrowser(""): Browser is opened with url: ''

2022-06-15 09:26:33 - [MESSAGE][INFO] - Starting 'Chrome' driver

2022-06-15 09:26:33 - [MESSAGE][INFO] - Action delay is set to 0 milliseconds

2022-06-15 09:26:36 - [MESSAGE][PASSED] - Browser is opened with url: ''

2022-06-15 09:26:36 - [TEST_STEP][PASSED] - maximizeWindow(): Current window maximized

2022-06-15 09:26:36 - [MESSAGE][PASSED] - Current window maximized

2022-06-15 09:26:36 - [TEST_STEP][PASSED] - RN = Math.random() * 10000000: null

2022-06-15 09:26:36 - [TEST_STEP][PASSED] - locale = "jp": null

2022-06-15 09:26:36 - [TEST_STEP][PASSED] - brand = "FLC": null

2022-06-15 09:26:36 - [TEST_STEP][PASSED] - email = "testMail" + RN + "@yopmail.com": null

2022-06-15 09:26:36 - [TEST_STEP][PASSED] - navigateToUrl("https://storefront:may2019@test.falconeri.com/jp/product/basic-baumwollhose-UPL0004.html?dwvar_UPL0004_Z_COL_FALCU=8493"): Navigate to 'https://storefront:may2019@test.falconeri.com/jp/product/basic-baumwollhose-UPL0004.html?dwvar_UPL0004_Z_COL_FALCU=8493' successfully

2022-06-15 09:29:43 - [MESSAGE][PASSED] - Navigate to 'https://storefront:may2019@test.falconeri.com/jp/product/basic-baumwollhose-UPL0004.html?dwvar_UPL0004_Z_COL_FALCU=8493' successfully

2022-06-15 09:29:43 - [TEST_STEP][PASSED] - enhancedClick(findTestObject("FLC/AT/Page_Basic-Baumwollhose - Homewear  Falconeri/div_XXXXL")): Object: 'Object Repository/FLC/AT/Page_Basic-Baumwollhose - Homewear  Falconeri/div_XXXXL' is clicked on

2022-06-15 09:29:44 - [MESSAGE][PASSED] - Object: 'Object Repository/FLC/AT/Page_Basic-Baumwollhose - Homewear  Falconeri/div_XXXXL' is clicked on

2022-06-15 09:29:44 - [TEST_STEP][PASSED] - waitForElementVisible(findTestObject("Object Repository/FLC/DE/Page_Jacke Aus Cashmere Ultralight - Cardig_bdd78b/input_DML261G_emailNotify"), 10): Object 'Object Repository/FLC/DE/Page_Jacke Aus Cashmere Ultralight - Cardig_bdd78b/input_DML261G_emailNotify' is visible

2022-06-15 09:29:44 - [MESSAGE][PASSED] - Object 'Object Repository/FLC/DE/Page_Jacke Aus Cashmere Ultralight - Cardig_bdd78b/input_DML261G_emailNotify' is visible

2022-06-15 09:29:44 - [TEST_STEP][PASSED] - setText(findTestObject("Object Repository/FLC/DE/Page_Jacke Aus Cashmere Ultralight - Cardig_bdd78b/input_DML261G_emailNotify"), email): Text 'testMail6354603@yopmail.com' is set on object 'Object Repository/FLC/DE/Page_Jacke Aus Cashmere Ultralight - Cardig_bdd78b/input_DML261G_emailNotify'

2022-06-15 09:29:46 - [MESSAGE][PASSED] - Text 'testMail6354603@yopmail.com' is set on object 'Object Repository/FLC/DE/Page_Jacke Aus Cashmere Ultralight - Cardig_bdd78b/input_DML261G_emailNotify'

2022-06-15 09:29:46 - [TEST_STEP][PASSED] - enhancedClick(findTestObject("FLC/Universal/notifyMeButton")): Object: 'Object Repository/FLC/Universal/notifyMeButton' is clicked on

2022-06-15 09:29:46 - [MESSAGE][PASSED] - Object: 'Object Repository/FLC/Universal/notifyMeButton' is clicked on]]></system-out>
         <system-err><![CDATA[]]></system-err>
      </testcase>
      <system-out><![CDATA[2022-06-15 09:26:32 - [TEST_SUITE][PASSED] - FLC - ALL - Notify Me: Test Cases/FLC/Notify Me/JP - Notify Me]]></system-out>
      <system-err><![CDATA[]]></system-err>
   </testsuite>
</testsuites>
